<?xml version="1.0" encoding="UTF-8"?>
<testsuite name="Run on Chrome"
           tests="5"
           failures="0"
           errors="0"
           skipped="0"
           time="1.760">
  <properties />
  
  
            <testcase name="User_02_Login" time="0.276" classname="com.nopcommerce.account.Level_14_Log4j" />
                <testcase name="User_03_MyAccount" time="0.115" classname="com.nopcommerce.account.Level_14_Log4j" />
                <testcase name="User_04_Dynamic_Page" time="0.362" classname="com.nopcommerce.account.Level_14_Log4j" />
                <testcase name="User_05_Dynamic_Page" time="0.409" classname="com.nopcommerce.account.Level_14_Log4j" />
                <testcase name="User_01_Register" time="0.598" classname="com.nopcommerce.account.Level_14_Log4j" />
      
</testsuite>
